<?xml version="1.0"?>
<testsuite name="PhantomJS 1.9.8 (Linux 0.0.0)" package="" timestamp="2015-09-28T06:46:51" id="0" hostname="maria-X550LD" tests="2" errors="0" failures="0" time="0.043">
  <properties>
    <property name="browser.fullName" value="Mozilla/5.0 (Unknown; Linux x86_64) AppleWebKit/534.34 (KHTML, like Gecko) PhantomJS/1.9.8 Safari/534.34"/>
  </properties>
  <testcase name="should expose some global scope" time="0.028" classname="PhantomJS_1_9_8_(Linux_0_0_0).MEAN controllers"/>
  <testcase name="should expose some global scope" time="0.015" classname="PhantomJS_1_9_8_(Linux_0_0_0).MEAN controllers"/>
  <system-out>
    <![CDATA[
]]>
  </system-out>
  <system-err/>
</testsuite>