<?xml version="1.0" encoding="UTF-8" ?>
<testsuites>
 <testsuite name="Project create page" timestamp="2015-11-17T15:52:05" hostname="localhost" time="10.64" errors="0" tests="3" skipped="0" disabled="0" failures="0">
  <testcase classname="Project create page" name="should not show create page if not logged in" time="0.573" />
  <testcase classname="Project create page" name="should create project with valid data filled in form" time="7.453" />
  <testcase classname="Project create page" name="should not create project with empty form" time="2.613" />
 </testsuite>
</testsuites>