<?xml version="1.0" encoding="UTF-8" ?>
<testsuites>
 <testsuite name="Project list page" timestamp="2015-10-01T14:34:18" hostname="localhost" time="30.013" errors="0" tests="1" skipped="0" disabled="0" failures="1">
  <testcase classname="Project list page" name="should list registered projects" time="30.013">
   <failure type="exception" message="Error: Timeout - Async callback was not invoked within timeout specified by jasmine.DEFAULT_TIMEOUT_INTERVAL."><![CDATA[Error: Timeout - Async callback was not invoked within timeout specified by jasmine.DEFAULT_TIMEOUT_INTERVAL.
    at [object Object]._onTimeout (/usr/lib/node_modules/protractor/node_modules/jasmine-core/lib/jasmine-core/jasmine.js:1812:23)
    at Timer.listOnTimeout [as ontimeout] (timers.js:121:15)]]>
   </failure>
  </testcase>
 </testsuite>
</testsuites>