<?xml version="1.0" encoding="UTF-8" ?>
<testsuites>
 <testsuite name="Project create page" timestamp="2015-10-21T18:37:05" hostname="localhost" time="16.104" errors="0" tests="3" skipped="0" disabled="0" failures="0">
  <testcase classname="Project create page" name="should not show create page if not logged in" time="1.002" />
  <testcase classname="Project create page" name="should create project with valid data filled in form" time="11.743" />
  <testcase classname="Project create page" name="should not create project with empty form" time="3.359" />
 </testsuite>
</testsuites>