<?xml version="1.0" encoding="UTF-8" ?>
<testsuites>
 <testsuite name="Project view page" timestamp="2015-10-21T18:37:21" hostname="localhost" time="4.427" errors="0" tests="3" skipped="0" disabled="0" failures="0">
  <testcase classname="Project view page" name="should stay project view page if logged in " time="1.929" />
  <testcase classname="Project view page" name="should show details of project if logged in" time="1.718" />
  <testcase classname="Project view page" name="should redirect to login page if not logged in " time="0.78" />
 </testsuite>
</testsuites>