<?xml version="1.0" encoding="UTF-8" ?>
<testsuites>
 <testsuite name="Project create page" timestamp="2015-11-05T15:38:53" hostname="localhost" time="19.815" errors="0" tests="3" skipped="0" disabled="0" failures="0">
  <testcase classname="Project create page" name="should not show create page if not logged in" time="0.929" />
  <testcase classname="Project create page" name="should create project with valid data filled in form" time="14.604" />
  <testcase classname="Project create page" name="should not create project with empty form" time="4.279" />
 </testsuite>
</testsuites>